mode: set
kego.io/kerr/kerrsource/kerrsource.go:15.66,19.16 3 1
kego.io/kerr/kerrsource/kerrsource.go:24.2,28.13 3 1
kego.io/kerr/kerrsource/kerrsource.go:36.2,36.16 1 1
kego.io/kerr/kerrsource/kerrsource.go:19.16,21.3 1 1
kego.io/kerr/kerrsource/kerrsource.go:28.13,30.57 2 1
kego.io/kerr/kerrsource/kerrsource.go:33.3,33.26 1 1
kego.io/kerr/kerrsource/kerrsource.go:30.57,32.4 1 0
kego.io/kerr/kerrsource/kerrsource.go:44.56,46.17 1 1
kego.io/kerr/kerrsource/kerrsource.go:50.2,50.26 1 1
kego.io/kerr/kerrsource/kerrsource.go:89.2,89.10 1 1
kego.io/kerr/kerrsource/kerrsource.go:46.17,48.3 1 1
kego.io/kerr/kerrsource/kerrsource.go:51.2,54.45 3 1
kego.io/kerr/kerrsource/kerrsource.go:60.3,60.20 1 1
kego.io/kerr/kerrsource/kerrsource.go:63.3,63.15 1 1
kego.io/kerr/kerrsource/kerrsource.go:54.45,56.37 2 1
kego.io/kerr/kerrsource/kerrsource.go:56.37,58.5 1 1
kego.io/kerr/kerrsource/kerrsource.go:60.20,62.4 1 1
kego.io/kerr/kerrsource/kerrsource.go:64.3,67.20 3 1
kego.io/kerr/kerrsource/kerrsource.go:78.4,78.13 1 1
kego.io/kerr/kerrsource/kerrsource.go:67.20,69.5 1 1
kego.io/kerr/kerrsource/kerrsource.go:69.5,69.79 1 1
kego.io/kerr/kerrsource/kerrsource.go:69.79,71.24 2 1
kego.io/kerr/kerrsource/kerrsource.go:71.24,73.6 1 1
kego.io/kerr/kerrsource/kerrsource.go:74.5,76.5 1 1
kego.io/kerr/kerrsource/kerrsource.go:78.13,85.5 3 1
kego.io/kerr/kerrsource/util.go:8.27,11.22 3 1
kego.io/kerr/kerrsource/util.go:18.2,18.24 1 1
kego.io/kerr/kerrsource/util.go:11.22,12.38 1 1
kego.io/kerr/kerrsource/util.go:12.38,16.4 3 1
kego.io/kerr/kerrsource/util.go:21.36,23.2 1 1
kego.io/kerr/kerrsource/util.go:25.26,26.18 1 1
kego.io/kerr/kerrsource/util.go:29.2,29.22 1 1
kego.io/kerr/kerrsource/util.go:34.2,34.13 1 1
kego.io/kerr/kerrsource/util.go:26.18,28.3 1 1
kego.io/kerr/kerrsource/util.go:29.22,30.33 1 1
kego.io/kerr/kerrsource/util.go:30.33,32.4 1 1
